<?xml version="1.0" encoding="UTF-8"?>
<!-- Generated by org.testng.reporters.JUnitXMLReporter -->
<testsuite ignored="0" hostname="DESKTOP-VVD3BPA" failures="0" tests="3" name="Test" time="0.07" errors="0" timestamp="2022-08-22T19:40:06 IST">
  <testcase classname="Testngprograms.Checkenabled" name="login" time="0.015"/>
  <testcase classname="Testngprograms.Checkenabled" name="feed" time="0.015"/>
  <testcase classname="Testngprograms.Checkenabled" name="home" time="0.015"/>
</testsuite> <!-- Test -->
