<?xml version="1.0" encoding="UTF-8"?>
<!-- Generated by org.testng.reporters.JUnitXMLReporter -->
<testsuite ignored="0" hostname="DESKTOP-VVD3BPA" failures="0" tests="3" name="Test" time="0.068" errors="0" timestamp="2022-08-25T20:56:06 IST">
  <testcase classname="Testngprograms.Checkenabled" name="feed" time="0.013"/>
  <testcase classname="Testngprograms.Checkenabled" name="login" time="0.014"/>
  <testcase classname="Testngprograms.Checkenabled" name="home" time="0.014"/>
</testsuite> <!-- Test -->
