<?xml version="1.0" encoding="UTF-8"?>
<testng-results ignored="0" total="3" passed="3" failed="0" skipped="0">
  <reporter-output>
    <line>
      <![CDATA[Test is started suceesfully]]>
    </line>
    <line>
      <![CDATA[Test is started suceesfully]]>
    </line>
    <line>
      <![CDATA[Test is started suceesfully]]>
    </line>
    <line>
      <![CDATA[chrome running]]>
    </line>
    <line>
      <![CDATA[running with version104]]>
    </line>
    <line>
      <![CDATA[Test is passes]]>
    </line>
    <line>
      <![CDATA[Test is passes]]>
    </line>
    <line>
      <![CDATA[Test is passes]]>
    </line>
  </reporter-output>
  <suite started-at="2022-08-25T20:56:06 IST" name="Suite" finished-at="2022-08-25T20:56:06 IST" duration-ms="68">
    <groups>
    </groups>
    <test started-at="2022-08-25T20:56:06 IST" name="Test" finished-at="2022-08-25T20:56:06 IST" duration-ms="68">
      <class name="Testngprograms.Checkenabled">
        <test-method signature="feed()[pri:3, instance:Testngprograms.Checkenabled@635eaaf1]" started-at="2022-08-25T20:56:06 IST" name="feed" finished-at="2022-08-25T20:56:06 IST" duration-ms="13" status="PASS">
          <reporter-output>
            <line>
              <![CDATA[Test is started suceesfully]]>
            </line>
            <line>
              <![CDATA[Test is passes]]>
            </line>
          </reporter-output>
        </test-method> <!-- feed -->
        <test-method signature="home(java.lang.String,java.lang.String)[pri:2, instance:Testngprograms.Checkenabled@635eaaf1]" started-at="2022-08-25T20:56:06 IST" name="home" finished-at="2022-08-25T20:56:06 IST" duration-ms="14" status="PASS">
          <params>
            <param index="0">
              <value>
                <![CDATA[chrome]]>
              </value>
            </param>
            <param index="1">
              <value>
                <![CDATA[104]]>
              </value>
            </param>
          </params>
          <reporter-output>
            <line>
              <![CDATA[Test is started suceesfully]]>
            </line>
            <line>
              <![CDATA[chrome running]]>
            </line>
            <line>
              <![CDATA[running with version104]]>
            </line>
            <line>
              <![CDATA[Test is passes]]>
            </line>
          </reporter-output>
        </test-method> <!-- home -->
        <test-method signature="login()[pri:1, instance:Testngprograms.Checkenabled@635eaaf1]" started-at="2022-08-25T20:56:06 IST" name="login" finished-at="2022-08-25T20:56:06 IST" duration-ms="14" status="PASS">
          <reporter-output>
            <line>
              <![CDATA[Test is started suceesfully]]>
            </line>
            <line>
              <![CDATA[Test is passes]]>
            </line>
          </reporter-output>
        </test-method> <!-- login -->
      </class> <!-- Testngprograms.Checkenabled -->
    </test> <!-- Test -->
  </suite> <!-- Suite -->
</testng-results>
